INFO:root:Yugi drew Mystical Elf
INFO:root:Opponent drew Mystical Elf
INFO:root:Yugi drew Feral Imp
INFO:root:Opponent drew Feral Imp
INFO:root:Yugi drew Winged Dragon, Guardian of the Fortress #1
INFO:root:Opponent drew Winged Dragon, Guardian of the Fortress #1
INFO:root:Yugi drew Summoned Skull
INFO:root:Opponent drew Summoned Skull
INFO:root:Yugi drew Beaver Warrior
INFO:root:Opponent drew Beaver Warrior
INFO:root:
BEGIN GAME!!!

INFO:root:Yugi goes first
INFO:root:Yugi drew Dark Magician
INFO:root:Summoning Summoned Skull
INFO:root:It is now Opponent's Turn
INFO:root:Opponent drew Dark Magician
INFO:root:Summoning Winged Dragon, Guardian of the Fortress #1
INFO:root:2 valid moves
INFO:root:Advance Turn
INFO:root:Attack Summoned Skull (2500) with Winged Dragon, Guardian of the Fortress #1 (1400)
INFO:root:Analyzing Advance Turn
INFO:root:{'OpponentMonster1': {'Attack': 2500, 'Defense': 1200, 'AttackedThisTurn': 0, 'Exists': 1, 'Level': 6}, 'PlayerLP': 4000, 'PlayerHandSize': 5, 'OppDeckSize': 19, 'PlayerMonstersOnBoard': 1, 'PlayerMonster4': {'Attack': 0, 'Defense': 0, 'AttackedThisTurn': 0, 'Exists': 0, 'Level': 0}, 'PlayerMonster3': {'Attack': 0, 'Defense': 0, 'AttackedThisTurn': 0, 'Exists': 0, 'Level': 0}, 'PlayerMonster2': {'Attack': 0, 'Defense': 0, 'AttackedThisTurn': 0, 'Exists': 0, 'Level': 0}, 'PlayerMonster1': {'Attack': 1400, 'Defense': 1200, 'AttackedThisTurn': 0, 'Exists': 1, 'Level': 4}, 'OppMonstersOnBoard': 1, 'OppHandSize': 5, 'OpponentMonster3': {'Attack': 0, 'Defense': 0, 'AttackedThisTurn': 0, 'Exists': 0, 'Level': 0}, 'OpponentMonster2': {'Attack': 0, 'Defense': 0, 'AttackedThisTurn': 0, 'Exists': 0, 'Level': 0}, 'PlayerMonster5': {'Attack': 0, 'Defense': 0, 'AttackedThisTurn': 0, 'Exists': 0, 'Level': 0}, 'OpponentMonster4': {'Attack': 0, 'Defense': 0, 'AttackedThisTurn': 0, 'Exists': 0, 'Level': 0}, 'OpponentMonster5': {'Attack': 0, 'Defense': 0, 'AttackedThisTurn': 0, 'Exists': 0, 'Level': 0}, 'ID': 1, 'PlayerDeckSize': 19, 'OppLP': 4000}
INFO:root:Advance Turn , 0.023339413
INFO:root:Analyzing Attack Summoned Skull (2500) with Winged Dragon, Guardian of the Fortress #1 (1400)
INFO:root:{'OpponentMonster1': {'Attack': 2500, 'Defense': 1200, 'AttackedThisTurn': 0, 'Exists': 1, 'Level': 6}, 'PlayerLP': 2900, 'PlayerHandSize': 5, 'OppDeckSize': 19, 'PlayerMonstersOnBoard': 0, 'PlayerMonster4': {'Attack': 0, 'Defense': 0, 'AttackedThisTurn': 0, 'Exists': 0, 'Level': 0}, 'PlayerMonster3': {'Attack': 0, 'Defense': 0, 'AttackedThisTurn': 0, 'Exists': 0, 'Level': 0}, 'PlayerMonster2': {'Attack': 0, 'Defense': 0, 'AttackedThisTurn': 0, 'Exists': 0, 'Level': 0}, 'PlayerMonster1': {'Attack': 0, 'Defense': 0, 'AttackedThisTurn': 0, 'Exists': 0, 'Level': 0}, 'OppMonstersOnBoard': 1, 'OppHandSize': 5, 'OpponentMonster3': {'Attack': 0, 'Defense': 0, 'AttackedThisTurn': 0, 'Exists': 0, 'Level': 0}, 'OpponentMonster2': {'Attack': 0, 'Defense': 0, 'AttackedThisTurn': 0, 'Exists': 0, 'Level': 0}, 'PlayerMonster5': {'Attack': 0, 'Defense': 0, 'AttackedThisTurn': 0, 'Exists': 0, 'Level': 0}, 'OpponentMonster4': {'Attack': 0, 'Defense': 0, 'AttackedThisTurn': 0, 'Exists': 0, 'Level': 0}, 'OpponentMonster5': {'Attack': 0, 'Defense': 0, 'AttackedThisTurn': 0, 'Exists': 0, 'Level': 0}, 'ID': 1, 'PlayerDeckSize': 19, 'OppLP': 4000}
INFO:root:Attack Summoned Skull (2500) with Winged Dragon, Guardian of the Fortress #1 (1400) , 0.02679235
INFO:root:Attacking Summoned Skull with Winged Dragon, Guardian of the Fortress #1
INFO:root:Winged Dragon, Guardian of the Fortress #1 is now destroyed
INFO:root:Opponent's life points are now 2900
INFO:root:1 valid moves
INFO:root:Advance Turn
INFO:root:It is now Yugi's Turn
INFO:root:Yugi drew Gaia the Fierce Knight
INFO:root:Summoning Winged Dragon, Guardian of the Fortress #1
INFO:root:3 valid moves
INFO:root:Advance Turn
INFO:root:Attack Opponent directly with Summoned Skull (2500)
INFO:root:Attack Opponent directly with Winged Dragon, Guardian of the Fortress #1 (1400)
INFO:root:Analyzing Advance Turn
INFO:root:{'OpponentMonster1': {'Attack': 0, 'Defense': 0, 'AttackedThisTurn': 0, 'Exists': 0, 'Level': 0}, 'PlayerLP': 4000, 'PlayerHandSize': 5, 'OppDeckSize': 19, 'PlayerMonstersOnBoard': 2, 'PlayerMonster4': {'Attack': 0, 'Defense': 0, 'AttackedThisTurn': 0, 'Exists': 0, 'Level': 0}, 'PlayerMonster3': {'Attack': 0, 'Defense': 0, 'AttackedThisTurn': 0, 'Exists': 0, 'Level': 0}, 'PlayerMonster2': {'Attack': 1400, 'Defense': 1200, 'AttackedThisTurn': 0, 'Exists': 1, 'Level': 4}, 'PlayerMonster1': {'Attack': 2500, 'Defense': 1200, 'AttackedThisTurn': 0, 'Exists': 1, 'Level': 6}, 'OppMonstersOnBoard': 0, 'OppHandSize': 5, 'OpponentMonster3': {'Attack': 0, 'Defense': 0, 'AttackedThisTurn': 0, 'Exists': 0, 'Level': 0}, 'OpponentMonster2': {'Attack': 0, 'Defense': 0, 'AttackedThisTurn': 0, 'Exists': 0, 'Level': 0}, 'PlayerMonster5': {'Attack': 0, 'Defense': 0, 'AttackedThisTurn': 0, 'Exists': 0, 'Level': 0}, 'OpponentMonster4': {'Attack': 0, 'Defense': 0, 'AttackedThisTurn': 0, 'Exists': 0, 'Level': 0}, 'OpponentMonster5': {'Attack': 0, 'Defense': 0, 'AttackedThisTurn': 0, 'Exists': 0, 'Level': 0}, 'ID': 1, 'PlayerDeckSize': 18, 'OppLP': 2900}
INFO:root:Advance Turn , 0.96253645
INFO:root:Analyzing Attack Opponent directly with Summoned Skull (2500)
INFO:root:{'OpponentMonster1': {'Attack': 0, 'Defense': 0, 'AttackedThisTurn': 0, 'Exists': 0, 'Level': 0}, 'PlayerLP': 4000, 'PlayerHandSize': 5, 'OppDeckSize': 19, 'PlayerMonstersOnBoard': 2, 'PlayerMonster4': {'Attack': 0, 'Defense': 0, 'AttackedThisTurn': 0, 'Exists': 0, 'Level': 0}, 'PlayerMonster3': {'Attack': 0, 'Defense': 0, 'AttackedThisTurn': 0, 'Exists': 0, 'Level': 0}, 'PlayerMonster2': {'Attack': 1400, 'Defense': 1200, 'AttackedThisTurn': 0, 'Exists': 1, 'Level': 4}, 'PlayerMonster1': {'Attack': 2500, 'Defense': 1200, 'AttackedThisTurn': 1, 'Exists': 1, 'Level': 6}, 'OppMonstersOnBoard': 0, 'OppHandSize': 5, 'OpponentMonster3': {'Attack': 0, 'Defense': 0, 'AttackedThisTurn': 0, 'Exists': 0, 'Level': 0}, 'OpponentMonster2': {'Attack': 0, 'Defense': 0, 'AttackedThisTurn': 0, 'Exists': 0, 'Level': 0}, 'PlayerMonster5': {'Attack': 0, 'Defense': 0, 'AttackedThisTurn': 0, 'Exists': 0, 'Level': 0}, 'OpponentMonster4': {'Attack': 0, 'Defense': 0, 'AttackedThisTurn': 0, 'Exists': 0, 'Level': 0}, 'OpponentMonster5': {'Attack': 0, 'Defense': 0, 'AttackedThisTurn': 0, 'Exists': 0, 'Level': 0}, 'ID': 1, 'PlayerDeckSize': 18, 'OppLP': 400}
INFO:root:Attack Opponent directly with Summoned Skull (2500) , 0.98445016
INFO:root:Analyzing Attack Opponent directly with Winged Dragon, Guardian of the Fortress #1 (1400)
INFO:root:{'OpponentMonster1': {'Attack': 0, 'Defense': 0, 'AttackedThisTurn': 0, 'Exists': 0, 'Level': 0}, 'PlayerLP': 4000, 'PlayerHandSize': 5, 'OppDeckSize': 19, 'PlayerMonstersOnBoard': 2, 'PlayerMonster4': {'Attack': 0, 'Defense': 0, 'AttackedThisTurn': 0, 'Exists': 0, 'Level': 0}, 'PlayerMonster3': {'Attack': 0, 'Defense': 0, 'AttackedThisTurn': 0, 'Exists': 0, 'Level': 0}, 'PlayerMonster2': {'Attack': 1400, 'Defense': 1200, 'AttackedThisTurn': 1, 'Exists': 1, 'Level': 4}, 'PlayerMonster1': {'Attack': 2500, 'Defense': 1200, 'AttackedThisTurn': 0, 'Exists': 1, 'Level': 6}, 'OppMonstersOnBoard': 0, 'OppHandSize': 5, 'OpponentMonster3': {'Attack': 0, 'Defense': 0, 'AttackedThisTurn': 0, 'Exists': 0, 'Level': 0}, 'OpponentMonster2': {'Attack': 0, 'Defense': 0, 'AttackedThisTurn': 0, 'Exists': 0, 'Level': 0}, 'PlayerMonster5': {'Attack': 0, 'Defense': 0, 'AttackedThisTurn': 0, 'Exists': 0, 'Level': 0}, 'OpponentMonster4': {'Attack': 0, 'Defense': 0, 'AttackedThisTurn': 0, 'Exists': 0, 'Level': 0}, 'OpponentMonster5': {'Attack': 0, 'Defense': 0, 'AttackedThisTurn': 0, 'Exists': 0, 'Level': 0}, 'ID': 1, 'PlayerDeckSize': 18, 'OppLP': 1500}
INFO:root:Attack Opponent directly with Winged Dragon, Guardian of the Fortress #1 (1400) , 0.9887899
INFO:root:Attacking Opponent directly with Winged Dragon, Guardian of the Fortress #1
INFO:root:Opponent's life points are now 1500
INFO:root:2 valid moves
INFO:root:Advance Turn
INFO:root:Attack Opponent directly with Summoned Skull (2500)
INFO:root:Analyzing Advance Turn
INFO:root:{'OpponentMonster1': {'Attack': 0, 'Defense': 0, 'AttackedThisTurn': 0, 'Exists': 0, 'Level': 0}, 'PlayerLP': 4000, 'PlayerHandSize': 5, 'OppDeckSize': 19, 'PlayerMonstersOnBoard': 2, 'PlayerMonster4': {'Attack': 0, 'Defense': 0, 'AttackedThisTurn': 0, 'Exists': 0, 'Level': 0}, 'PlayerMonster3': {'Attack': 0, 'Defense': 0, 'AttackedThisTurn': 0, 'Exists': 0, 'Level': 0}, 'PlayerMonster2': {'Attack': 1400, 'Defense': 1200, 'AttackedThisTurn': 1, 'Exists': 1, 'Level': 4}, 'PlayerMonster1': {'Attack': 2500, 'Defense': 1200, 'AttackedThisTurn': 0, 'Exists': 1, 'Level': 6}, 'OppMonstersOnBoard': 0, 'OppHandSize': 5, 'OpponentMonster3': {'Attack': 0, 'Defense': 0, 'AttackedThisTurn': 0, 'Exists': 0, 'Level': 0}, 'OpponentMonster2': {'Attack': 0, 'Defense': 0, 'AttackedThisTurn': 0, 'Exists': 0, 'Level': 0}, 'PlayerMonster5': {'Attack': 0, 'Defense': 0, 'AttackedThisTurn': 0, 'Exists': 0, 'Level': 0}, 'OpponentMonster4': {'Attack': 0, 'Defense': 0, 'AttackedThisTurn': 0, 'Exists': 0, 'Level': 0}, 'OpponentMonster5': {'Attack': 0, 'Defense': 0, 'AttackedThisTurn': 0, 'Exists': 0, 'Level': 0}, 'ID': 1, 'PlayerDeckSize': 18, 'OppLP': 1500}
INFO:root:Advance Turn , 0.9887899
INFO:root:Analyzing Attack Opponent directly with Summoned Skull (2500)
INFO:root:{'OpponentMonster1': {'Attack': 0, 'Defense': 0, 'AttackedThisTurn': 0, 'Exists': 0, 'Level': 0}, 'PlayerLP': 4000, 'PlayerHandSize': 5, 'OppDeckSize': 19, 'PlayerMonstersOnBoard': 2, 'PlayerMonster4': {'Attack': 0, 'Defense': 0, 'AttackedThisTurn': 0, 'Exists': 0, 'Level': 0}, 'PlayerMonster3': {'Attack': 0, 'Defense': 0, 'AttackedThisTurn': 0, 'Exists': 0, 'Level': 0}, 'PlayerMonster2': {'Attack': 1400, 'Defense': 1200, 'AttackedThisTurn': 1, 'Exists': 1, 'Level': 4}, 'PlayerMonster1': {'Attack': 2500, 'Defense': 1200, 'AttackedThisTurn': 1, 'Exists': 1, 'Level': 6}, 'OppMonstersOnBoard': 0, 'OppHandSize': 5, 'OpponentMonster3': {'Attack': 0, 'Defense': 0, 'AttackedThisTurn': 0, 'Exists': 0, 'Level': 0}, 'OpponentMonster2': {'Attack': 0, 'Defense': 0, 'AttackedThisTurn': 0, 'Exists': 0, 'Level': 0}, 'PlayerMonster5': {'Attack': 0, 'Defense': 0, 'AttackedThisTurn': 0, 'Exists': 0, 'Level': 0}, 'OpponentMonster4': {'Attack': 0, 'Defense': 0, 'AttackedThisTurn': 0, 'Exists': 0, 'Level': 0}, 'OpponentMonster5': {'Attack': 0, 'Defense': 0, 'AttackedThisTurn': 0, 'Exists': 0, 'Level': 0}, 'ID': 1, 'PlayerDeckSize': 18, 'OppLP': 0}
INFO:root:Attack Opponent directly with Summoned Skull (2500) , 0.9809378
INFO:root:It is now Opponent's Turn
INFO:root:Opponent drew Gaia the Fierce Knight
INFO:root:Summoning Gaia the Fierce Knight
INFO:root:3 valid moves
INFO:root:Advance Turn
INFO:root:Attack Summoned Skull (2500) with Gaia the Fierce Knight (2300)
INFO:root:Attack Winged Dragon, Guardian of the Fortress #1 (1400) with Gaia the Fierce Knight (2300)
INFO:root:Analyzing Advance Turn
INFO:root:{'OpponentMonster1': {'Attack': 2500, 'Defense': 1200, 'AttackedThisTurn': 0, 'Exists': 1, 'Level': 6}, 'PlayerLP': 1500, 'PlayerHandSize': 5, 'OppDeckSize': 18, 'PlayerMonstersOnBoard': 1, 'PlayerMonster4': {'Attack': 0, 'Defense': 0, 'AttackedThisTurn': 0, 'Exists': 0, 'Level': 0}, 'PlayerMonster3': {'Attack': 0, 'Defense': 0, 'AttackedThisTurn': 0, 'Exists': 0, 'Level': 0}, 'PlayerMonster2': {'Attack': 0, 'Defense': 0, 'AttackedThisTurn': 0, 'Exists': 0, 'Level': 0}, 'PlayerMonster1': {'Attack': 2300, 'Defense': 2100, 'AttackedThisTurn': 0, 'Exists': 1, 'Level': 7}, 'OppMonstersOnBoard': 2, 'OppHandSize': 5, 'OpponentMonster3': {'Attack': 0, 'Defense': 0, 'AttackedThisTurn': 0, 'Exists': 0, 'Level': 0}, 'OpponentMonster2': {'Attack': 1400, 'Defense': 1200, 'AttackedThisTurn': 0, 'Exists': 1, 'Level': 4}, 'PlayerMonster5': {'Attack': 0, 'Defense': 0, 'AttackedThisTurn': 0, 'Exists': 0, 'Level': 0}, 'OpponentMonster4': {'Attack': 0, 'Defense': 0, 'AttackedThisTurn': 0, 'Exists': 0, 'Level': 0}, 'OpponentMonster5': {'Attack': 0, 'Defense': 0, 'AttackedThisTurn': 0, 'Exists': 0, 'Level': 0}, 'ID': 1, 'PlayerDeckSize': 18, 'OppLP': 4000}
INFO:root:Advance Turn , 0.14665128
INFO:root:Analyzing Attack Summoned Skull (2500) with Gaia the Fierce Knight (2300)
INFO:root:{'OpponentMonster1': {'Attack': 2500, 'Defense': 1200, 'AttackedThisTurn': 0, 'Exists': 1, 'Level': 6}, 'PlayerLP': 1300, 'PlayerHandSize': 5, 'OppDeckSize': 18, 'PlayerMonstersOnBoard': 0, 'PlayerMonster4': {'Attack': 0, 'Defense': 0, 'AttackedThisTurn': 0, 'Exists': 0, 'Level': 0}, 'PlayerMonster3': {'Attack': 0, 'Defense': 0, 'AttackedThisTurn': 0, 'Exists': 0, 'Level': 0}, 'PlayerMonster2': {'Attack': 0, 'Defense': 0, 'AttackedThisTurn': 0, 'Exists': 0, 'Level': 0}, 'PlayerMonster1': {'Attack': 0, 'Defense': 0, 'AttackedThisTurn': 0, 'Exists': 0, 'Level': 0}, 'OppMonstersOnBoard': 2, 'OppHandSize': 5, 'OpponentMonster3': {'Attack': 0, 'Defense': 0, 'AttackedThisTurn': 0, 'Exists': 0, 'Level': 0}, 'OpponentMonster2': {'Attack': 1400, 'Defense': 1200, 'AttackedThisTurn': 0, 'Exists': 1, 'Level': 4}, 'PlayerMonster5': {'Attack': 0, 'Defense': 0, 'AttackedThisTurn': 0, 'Exists': 0, 'Level': 0}, 'OpponentMonster4': {'Attack': 0, 'Defense': 0, 'AttackedThisTurn': 0, 'Exists': 0, 'Level': 0}, 'OpponentMonster5': {'Attack': 0, 'Defense': 0, 'AttackedThisTurn': 0, 'Exists': 0, 'Level': 0}, 'ID': 1, 'PlayerDeckSize': 18, 'OppLP': 4000}
INFO:root:Attack Summoned Skull (2500) with Gaia the Fierce Knight (2300) , 0.00618751
INFO:root:Analyzing Attack Winged Dragon, Guardian of the Fortress #1 (1400) with Gaia the Fierce Knight (2300)
INFO:root:{'OpponentMonster1': {'Attack': 2500, 'Defense': 1200, 'AttackedThisTurn': 0, 'Exists': 1, 'Level': 6}, 'PlayerLP': 1500, 'PlayerHandSize': 5, 'OppDeckSize': 18, 'PlayerMonstersOnBoard': 1, 'PlayerMonster4': {'Attack': 0, 'Defense': 0, 'AttackedThisTurn': 0, 'Exists': 0, 'Level': 0}, 'PlayerMonster3': {'Attack': 0, 'Defense': 0, 'AttackedThisTurn': 0, 'Exists': 0, 'Level': 0}, 'PlayerMonster2': {'Attack': 0, 'Defense': 0, 'AttackedThisTurn': 0, 'Exists': 0, 'Level': 0}, 'PlayerMonster1': {'Attack': 2300, 'Defense': 2100, 'AttackedThisTurn': 1, 'Exists': 1, 'Level': 7}, 'OppMonstersOnBoard': 1, 'OppHandSize': 5, 'OpponentMonster3': {'Attack': 0, 'Defense': 0, 'AttackedThisTurn': 0, 'Exists': 0, 'Level': 0}, 'OpponentMonster2': {'Attack': 0, 'Defense': 0, 'AttackedThisTurn': 0, 'Exists': 0, 'Level': 0}, 'PlayerMonster5': {'Attack': 0, 'Defense': 0, 'AttackedThisTurn': 0, 'Exists': 0, 'Level': 0}, 'OpponentMonster4': {'Attack': 0, 'Defense': 0, 'AttackedThisTurn': 0, 'Exists': 0, 'Level': 0}, 'OpponentMonster5': {'Attack': 0, 'Defense': 0, 'AttackedThisTurn': 0, 'Exists': 0, 'Level': 0}, 'ID': 1, 'PlayerDeckSize': 18, 'OppLP': 3100}
INFO:root:Attack Winged Dragon, Guardian of the Fortress #1 (1400) with Gaia the Fierce Knight (2300) , 0.27254176
INFO:root:Attacking Winged Dragon, Guardian of the Fortress #1 with Gaia the Fierce Knight
INFO:root:Winged Dragon, Guardian of the Fortress #1 is now destroyed
INFO:root:Yugi's life points are now 3100
INFO:root:1 valid moves
INFO:root:Advance Turn
INFO:root:It is now Yugi's Turn
INFO:root:Yugi drew Curse of Dragon
INFO:root:Summoning Dark Magician
INFO:root:3 valid moves
INFO:root:Advance Turn
INFO:root:Attack Gaia the Fierce Knight (2300) with Summoned Skull (2500)
INFO:root:Attack Gaia the Fierce Knight (2300) with Dark Magician (2500)
INFO:root:Analyzing Advance Turn
INFO:root:{'OpponentMonster1': {'Attack': 2300, 'Defense': 2100, 'AttackedThisTurn': 0, 'Exists': 1, 'Level': 7}, 'PlayerLP': 3100, 'PlayerHandSize': 5, 'OppDeckSize': 18, 'PlayerMonstersOnBoard': 2, 'PlayerMonster4': {'Attack': 0, 'Defense': 0, 'AttackedThisTurn': 0, 'Exists': 0, 'Level': 0}, 'PlayerMonster3': {'Attack': 0, 'Defense': 0, 'AttackedThisTurn': 0, 'Exists': 0, 'Level': 0}, 'PlayerMonster2': {'Attack': 2500, 'Defense': 2100, 'AttackedThisTurn': 0, 'Exists': 1, 'Level': 7}, 'PlayerMonster1': {'Attack': 2500, 'Defense': 1200, 'AttackedThisTurn': 0, 'Exists': 1, 'Level': 6}, 'OppMonstersOnBoard': 1, 'OppHandSize': 5, 'OpponentMonster3': {'Attack': 0, 'Defense': 0, 'AttackedThisTurn': 0, 'Exists': 0, 'Level': 0}, 'OpponentMonster2': {'Attack': 0, 'Defense': 0, 'AttackedThisTurn': 0, 'Exists': 0, 'Level': 0}, 'PlayerMonster5': {'Attack': 0, 'Defense': 0, 'AttackedThisTurn': 0, 'Exists': 0, 'Level': 0}, 'OpponentMonster4': {'Attack': 0, 'Defense': 0, 'AttackedThisTurn': 0, 'Exists': 0, 'Level': 0}, 'OpponentMonster5': {'Attack': 0, 'Defense': 0, 'AttackedThisTurn': 0, 'Exists': 0, 'Level': 0}, 'ID': 1, 'PlayerDeckSize': 17, 'OppLP': 1500}
INFO:root:Advance Turn , 0.8540094
INFO:root:Analyzing Attack Gaia the Fierce Knight (2300) with Summoned Skull (2500)
INFO:root:{'OpponentMonster1': {'Attack': 0, 'Defense': 0, 'AttackedThisTurn': 0, 'Exists': 0, 'Level': 0}, 'PlayerLP': 3100, 'PlayerHandSize': 5, 'OppDeckSize': 18, 'PlayerMonstersOnBoard': 2, 'PlayerMonster4': {'Attack': 0, 'Defense': 0, 'AttackedThisTurn': 0, 'Exists': 0, 'Level': 0}, 'PlayerMonster3': {'Attack': 0, 'Defense': 0, 'AttackedThisTurn': 0, 'Exists': 0, 'Level': 0}, 'PlayerMonster2': {'Attack': 2500, 'Defense': 2100, 'AttackedThisTurn': 0, 'Exists': 1, 'Level': 7}, 'PlayerMonster1': {'Attack': 2500, 'Defense': 1200, 'AttackedThisTurn': 1, 'Exists': 1, 'Level': 6}, 'OppMonstersOnBoard': 0, 'OppHandSize': 5, 'OpponentMonster3': {'Attack': 0, 'Defense': 0, 'AttackedThisTurn': 0, 'Exists': 0, 'Level': 0}, 'OpponentMonster2': {'Attack': 0, 'Defense': 0, 'AttackedThisTurn': 0, 'Exists': 0, 'Level': 0}, 'PlayerMonster5': {'Attack': 0, 'Defense': 0, 'AttackedThisTurn': 0, 'Exists': 0, 'Level': 0}, 'OpponentMonster4': {'Attack': 0, 'Defense': 0, 'AttackedThisTurn': 0, 'Exists': 0, 'Level': 0}, 'OpponentMonster5': {'Attack': 0, 'Defense': 0, 'AttackedThisTurn': 0, 'Exists': 0, 'Level': 0}, 'ID': 1, 'PlayerDeckSize': 17, 'OppLP': 1300}
INFO:root:Attack Gaia the Fierce Knight (2300) with Summoned Skull (2500) , 0.9972555
INFO:root:Analyzing Attack Gaia the Fierce Knight (2300) with Dark Magician (2500)
INFO:root:{'OpponentMonster1': {'Attack': 0, 'Defense': 0, 'AttackedThisTurn': 0, 'Exists': 0, 'Level': 0}, 'PlayerLP': 3100, 'PlayerHandSize': 5, 'OppDeckSize': 18, 'PlayerMonstersOnBoard': 2, 'PlayerMonster4': {'Attack': 0, 'Defense': 0, 'AttackedThisTurn': 0, 'Exists': 0, 'Level': 0}, 'PlayerMonster3': {'Attack': 0, 'Defense': 0, 'AttackedThisTurn': 0, 'Exists': 0, 'Level': 0}, 'PlayerMonster2': {'Attack': 2500, 'Defense': 2100, 'AttackedThisTurn': 1, 'Exists': 1, 'Level': 7}, 'PlayerMonster1': {'Attack': 2500, 'Defense': 1200, 'AttackedThisTurn': 0, 'Exists': 1, 'Level': 6}, 'OppMonstersOnBoard': 0, 'OppHandSize': 5, 'OpponentMonster3': {'Attack': 0, 'Defense': 0, 'AttackedThisTurn': 0, 'Exists': 0, 'Level': 0}, 'OpponentMonster2': {'Attack': 0, 'Defense': 0, 'AttackedThisTurn': 0, 'Exists': 0, 'Level': 0}, 'PlayerMonster5': {'Attack': 0, 'Defense': 0, 'AttackedThisTurn': 0, 'Exists': 0, 'Level': 0}, 'OpponentMonster4': {'Attack': 0, 'Defense': 0, 'AttackedThisTurn': 0, 'Exists': 0, 'Level': 0}, 'OpponentMonster5': {'Attack': 0, 'Defense': 0, 'AttackedThisTurn': 0, 'Exists': 0, 'Level': 0}, 'ID': 1, 'PlayerDeckSize': 17, 'OppLP': 1300}
INFO:root:Attack Gaia the Fierce Knight (2300) with Dark Magician (2500) , 0.9988111
INFO:root:Attacking Gaia the Fierce Knight with Dark Magician
INFO:root:Gaia the Fierce Knight is now destroyed
INFO:root:Opponent's life points are now 1300
INFO:root:2 valid moves
INFO:root:Advance Turn
INFO:root:Attack Opponent directly with Summoned Skull (2500)
INFO:root:Analyzing Advance Turn
INFO:root:{'OpponentMonster1': {'Attack': 0, 'Defense': 0, 'AttackedThisTurn': 0, 'Exists': 0, 'Level': 0}, 'PlayerLP': 3100, 'PlayerHandSize': 5, 'OppDeckSize': 18, 'PlayerMonstersOnBoard': 2, 'PlayerMonster4': {'Attack': 0, 'Defense': 0, 'AttackedThisTurn': 0, 'Exists': 0, 'Level': 0}, 'PlayerMonster3': {'Attack': 0, 'Defense': 0, 'AttackedThisTurn': 0, 'Exists': 0, 'Level': 0}, 'PlayerMonster2': {'Attack': 2500, 'Defense': 2100, 'AttackedThisTurn': 1, 'Exists': 1, 'Level': 7}, 'PlayerMonster1': {'Attack': 2500, 'Defense': 1200, 'AttackedThisTurn': 0, 'Exists': 1, 'Level': 6}, 'OppMonstersOnBoard': 0, 'OppHandSize': 5, 'OpponentMonster3': {'Attack': 0, 'Defense': 0, 'AttackedThisTurn': 0, 'Exists': 0, 'Level': 0}, 'OpponentMonster2': {'Attack': 0, 'Defense': 0, 'AttackedThisTurn': 0, 'Exists': 0, 'Level': 0}, 'PlayerMonster5': {'Attack': 0, 'Defense': 0, 'AttackedThisTurn': 0, 'Exists': 0, 'Level': 0}, 'OpponentMonster4': {'Attack': 0, 'Defense': 0, 'AttackedThisTurn': 0, 'Exists': 0, 'Level': 0}, 'OpponentMonster5': {'Attack': 0, 'Defense': 0, 'AttackedThisTurn': 0, 'Exists': 0, 'Level': 0}, 'ID': 1, 'PlayerDeckSize': 17, 'OppLP': 1300}
INFO:root:Advance Turn , 0.9988111
INFO:root:Analyzing Attack Opponent directly with Summoned Skull (2500)
INFO:root:{'OpponentMonster1': {'Attack': 0, 'Defense': 0, 'AttackedThisTurn': 0, 'Exists': 0, 'Level': 0}, 'PlayerLP': 3100, 'PlayerHandSize': 5, 'OppDeckSize': 18, 'PlayerMonstersOnBoard': 2, 'PlayerMonster4': {'Attack': 0, 'Defense': 0, 'AttackedThisTurn': 0, 'Exists': 0, 'Level': 0}, 'PlayerMonster3': {'Attack': 0, 'Defense': 0, 'AttackedThisTurn': 0, 'Exists': 0, 'Level': 0}, 'PlayerMonster2': {'Attack': 2500, 'Defense': 2100, 'AttackedThisTurn': 1, 'Exists': 1, 'Level': 7}, 'PlayerMonster1': {'Attack': 2500, 'Defense': 1200, 'AttackedThisTurn': 1, 'Exists': 1, 'Level': 6}, 'OppMonstersOnBoard': 0, 'OppHandSize': 5, 'OpponentMonster3': {'Attack': 0, 'Defense': 0, 'AttackedThisTurn': 0, 'Exists': 0, 'Level': 0}, 'OpponentMonster2': {'Attack': 0, 'Defense': 0, 'AttackedThisTurn': 0, 'Exists': 0, 'Level': 0}, 'PlayerMonster5': {'Attack': 0, 'Defense': 0, 'AttackedThisTurn': 0, 'Exists': 0, 'Level': 0}, 'OpponentMonster4': {'Attack': 0, 'Defense': 0, 'AttackedThisTurn': 0, 'Exists': 0, 'Level': 0}, 'OpponentMonster5': {'Attack': 0, 'Defense': 0, 'AttackedThisTurn': 0, 'Exists': 0, 'Level': 0}, 'ID': 1, 'PlayerDeckSize': 17, 'OppLP': 0}
INFO:root:Attack Opponent directly with Summoned Skull (2500) , 0.99907136
INFO:root:Attacking Opponent directly with Summoned Skull
INFO:root:GAME OVER!
INFO:root:Opponent's life points are now 0
INFO:root:Yugi 3100
INFO:root:Yugi [<cards.MonsterCard instance at 0x11fb58f38>, <cards.MonsterCard instance at 0x11fb58f80>, <cards.MonsterCard instance at 0x11fb58fc8>, <cards.MonsterCard instance at 0x11fb6e050>, <cards.MonsterCard instance at 0x11fb6e098>, <cards.MonsterCard instance at 0x11fb6e0e0>, <cards.MonsterCard instance at 0x11fb6e128>, <cards.MonsterCard instance at 0x11fb6e170>, <cards.MonsterCard instance at 0x11fb6e1b8>, <cards.MonsterCard instance at 0x11fb6e200>, <cards.MonsterCard instance at 0x11fb6e248>, <cards.MonsterCard instance at 0x11fb6e290>, <cards.MonsterCard instance at 0x11fb6e2d8>, <cards.MonsterCard instance at 0x11fb6e320>, <cards.MonsterCard instance at 0x11fb6e368>, <cards.MonsterCard instance at 0x11fb6e3b0>, <cards.MonsterCard instance at 0x11fb6e3f8>]
INFO:root:Opponent 0
INFO:root:Opponent [<cards.MonsterCard instance at 0x11fb6e680>, <cards.MonsterCard instance at 0x11fb6e6c8>, <cards.MonsterCard instance at 0x11fb6e710>, <cards.MonsterCard instance at 0x11fb6e758>, <cards.MonsterCard instance at 0x11fb6e7a0>, <cards.MonsterCard instance at 0x11fb6e7e8>, <cards.MonsterCard instance at 0x11fb6e830>, <cards.MonsterCard instance at 0x11fb6e878>, <cards.MonsterCard instance at 0x11fb6e8c0>, <cards.MonsterCard instance at 0x11fb6e908>, <cards.MonsterCard instance at 0x11fb6e950>, <cards.MonsterCard instance at 0x11fb6e998>, <cards.MonsterCard instance at 0x11fb6e9e0>, <cards.MonsterCard instance at 0x11fb6ea28>, <cards.MonsterCard instance at 0x11fb6ea70>, <cards.MonsterCard instance at 0x11fb6eab8>, <cards.MonsterCard instance at 0x11fb6eb00>, <cards.MonsterCard instance at 0x11fb6eb48>]
