Yugi drew Gaia the Fierce Knight
Opponent drew Feral Imp
Yugi drew Summoned Skull
Opponent drew Dark Magician
Yugi drew Ancient Elf
Opponent drew Winged Dragon, Guardian of the Fortress #1
Yugi drew Dragon Zombie
Opponent drew Celtic Guardian
Yugi drew Celtic Guardian
Opponent drew Witty Phantom

BEGIN GAME!!!

Opponent goes first
Opponent drew Curse of Dragon
Summoning Dark Magician
It is now Yugi's Turn
Yugi drew Magical Ghost
Summoning Ancient Elf
2 valid moves

Simulating game

Opponent drew Curse of Dragon
Opponent drew Magical Ghost
Opponent drew Mammoth Graveyard
Opponent drew Neo the Magic Swordsman
Opponent drew Ancient Elf
2 valid moves
Attacking Dark Magician with Ancient Elf
Ancient Elf is now destroyed
Yugi's life points are now 2950
1 valid moves
It is now Opponent's Turn
Opponent drew Claw Reacher
Summoning Ancient Elf
3 valid moves
It is now Yugi's Turn
Yugi drew Dark Magician
Summoning Celtic Guardian
3 valid moves
Attacking Ancient Elf with Celtic Guardian
Celtic Guardian is now destroyed
Yugi's life points are now 2900
1 valid moves
It is now Opponent's Turn
Opponent drew Mystic Clown
Summoning Neo the Magic Swordsman
4 valid moves
Attacking Yugi directly with Dark Magician
Yugi's life points are now 400
3 valid moves
Attacking Yugi directly with Neo the Magic Swordsman
GAME OVER!
Yugi's life points are now 0

Ending Simulated Game

It is now Opponent's Turn
Opponent drew Giant Soldier of Stone
Summoning Giant Soldier of Stone
3 valid moves

Simulating game

Yugi drew Man-Eating Treasure Chest
Yugi drew Curse of Dragon
Yugi drew Dark Magician
Yugi drew Magical Ghost
Yugi drew Doma the Angel of Silence
3 valid moves
Attacking Ancient Elf with Dark Magician
Ancient Elf is now destroyed
Yugi's life points are now 2950
2 valid moves
It is now Yugi's Turn
Yugi drew Mammoth Graveyard
Summoning Celtic Guardian
3 valid moves
Attacking Dark Magician with Celtic Guardian
Celtic Guardian is now destroyed
Yugi's life points are now 1850
1 valid moves
It is now Opponent's Turn
Opponent drew Doma the Angel of Silence
Summoning Celtic Guardian
3 valid moves
It is now Yugi's Turn
Yugi drew Sorcerer of the Doomed
Summoning Sorcerer of the Doomed
4 valid moves
Attacking Celtic Guardian with Sorcerer of the Doomed
Celtic Guardian is now destroyed
Opponent's life points are now 3950
1 valid moves
It is now Opponent's Turn
Opponent drew Man-Eating Treasure Chest
Summoning Feral Imp
3 valid moves
It is now Yugi's Turn
Yugi drew Mystical Elf
Summoning Dark Magician
4 valid moves
Attacking Dark Magician with Dark Magician
Dark Magician is now destroyed
Dark Magician is now destroyed
1 valid moves
It is now Opponent's Turn
Opponent drew Claw Reacher
Summoning Man-Eating Treasure Chest
4 valid moves
Attacking Sorcerer of the Doomed with Man-Eating Treasure Chest
Sorcerer of the Doomed is now destroyed
Yugi's life points are now 1700
3 valid moves
Attacking Yugi directly with Giant Soldier of Stone
Yugi's life points are now 400
2 valid moves
Attacking Yugi directly with Feral Imp
GAME OVER!
Yugi's life points are now 0

Ending Simulated Game

It is now Yugi's Turn
Yugi drew Baron of the Fiend Sword
Summoning Baron of the Fiend Sword
5 valid moves

Simulating game

Opponent drew Beaver Warrior
Opponent drew Baron of the Fiend Sword
Opponent drew Mystic Clown
Opponent drew Claw Reacher
Opponent drew Man-Eating Treasure Chest
5 valid moves
Attacking Giant Soldier of Stone with Ancient Elf
Giant Soldier of Stone is now destroyed
Opponent's life points are now 3850
2 valid moves
It is now Opponent's Turn
Opponent drew Feral Imp
Summoning Feral Imp
5 valid moves
Attacking Baron of the Fiend Sword with Dark Magician
Baron of the Fiend Sword is now destroyed
Yugi's life points are now 3050
2 valid moves
It is now Yugi's Turn
Yugi drew Mammoth Graveyard
Summoning Gaia the Fierce Knight
3 valid moves
It is now Opponent's Turn
Opponent drew Ancient Elf
Summoning Ancient Elf
5 valid moves
Attacking Ancient Elf with Feral Imp
Feral Imp is now destroyed
Opponent's life points are now 3700
3 valid moves
Attacking Gaia the Fierce Knight with Ancient Elf
Ancient Elf is now destroyed
Opponent's life points are now 2850
1 valid moves
It is now Yugi's Turn
Yugi drew Sorcerer of the Doomed
Summoning Summoned Skull
3 valid moves
Attacking Dark Magician with Summoned Skull
Dark Magician is now destroyed
Summoned Skull is now destroyed
2 valid moves
Attacking Opponent directly with Gaia the Fierce Knight
Opponent's life points are now 550
1 valid moves
It is now Opponent's Turn
Opponent drew Celtic Guardian
Summoning Beaver Warrior
3 valid moves
Attacking Ancient Elf with Beaver Warrior
Beaver Warrior is now destroyed
Opponent's life points are now 300
1 valid moves
It is now Yugi's Turn
Yugi drew Beaver Warrior
Summoning Magical Ghost
2 valid moves
It is now Opponent's Turn
Opponent drew Great White
Summoning Man-Eating Treasure Chest
4 valid moves
It is now Yugi's Turn
Yugi drew Ansatsu
Summoning Dragon Zombie
3 valid moves
Attacking Man-Eating Treasure Chest with Magical Ghost
Magical Ghost is now destroyed
Yugi's life points are now 2750
2 valid moves
Attacking Man-Eating Treasure Chest with Dragon Zombie
Man-Eating Treasure Chest is now destroyed
Dragon Zombie is now destroyed
1 valid moves
It is now Opponent's Turn
Opponent drew Neo the Magic Swordsman
Summoning Baron of the Fiend Sword
3 valid moves
Attacking Gaia the Fierce Knight with Baron of the Fiend Sword
Baron of the Fiend Sword is now destroyed
GAME OVER!
Opponent's life points are now 0

Ending Simulated Game

It is now Opponent's Turn
Opponent drew Sorcerer of the Doomed
Summoning Feral Imp
7 valid moves

Simulating game

Yugi drew Magical Ghost
Yugi drew Sorcerer of the Doomed
Yugi drew Beaver Warrior
Yugi drew Neo the Magic Swordsman
Yugi drew Winged Dragon, Guardian of the Fortress #1
7 valid moves
It is now Yugi's Turn
Yugi drew Great White
Summoning Summoned Skull
10 valid moves
Attacking Feral Imp with Baron of the Fiend Sword
Feral Imp is now destroyed
Opponent's life points are now 3750
5 valid moves
It is now Opponent's Turn
Opponent drew Dragon Zombie
Summoning Dragon Zombie
10 valid moves
Attacking Ancient Elf with Dragon Zombie
Ancient Elf is now destroyed
Yugi's life points are now 3850
5 valid moves
It is now Yugi's Turn
Yugi drew Mystical Elf
Summoning Sorcerer of the Doomed
7 valid moves
Attacking Dark Magician with Summoned Skull
Dark Magician is now destroyed
Summoned Skull is now destroyed
3 valid moves
It is now Opponent's Turn
Opponent drew Neo the Magic Swordsman
Summoning Winged Dragon, Guardian of the Fortress #1
5 valid moves
Attacking Baron of the Fiend Sword with Winged Dragon, Guardian of the Fortress #1
Winged Dragon, Guardian of the Fortress #1 is now destroyed
Opponent's life points are now 3600
3 valid moves
Attacking Baron of the Fiend Sword with Giant Soldier of Stone
Giant Soldier of Stone is now destroyed
Opponent's life points are now 3350
1 valid moves
It is now Yugi's Turn
Yugi drew Silver Fang
Summoning Mystical Elf
3 valid moves
It is now Opponent's Turn
Opponent drew Ancient Elf
Summoning Sorcerer of the Doomed
4 valid moves
Attacking Mystical Elf with Sorcerer of the Doomed
Mystical Elf is now destroyed
Yugi's life points are now 3200
1 valid moves
It is now Yugi's Turn
Yugi drew Mystic Clown
Summoning Mystic Clown
5 valid moves
Attacking Dragon Zombie with Mystic Clown
Mystic Clown is now destroyed
Yugi's life points are now 3100
3 valid moves
Attacking Dragon Zombie with Sorcerer of the Doomed
Sorcerer of the Doomed is now destroyed
Yugi's life points are now 2950
1 valid moves
It is now Opponent's Turn
Opponent drew Man-Eating Treasure Chest
Summoning Neo the Magic Swordsman
2 valid moves
Attacking Baron of the Fiend Sword with Neo the Magic Swordsman
Baron of the Fiend Sword is now destroyed
Yugi's life points are now 2800
1 valid moves
It is now Yugi's Turn
Yugi drew Claw Reacher
Summoning Beaver Warrior
4 valid moves
Attacking Neo the Magic Swordsman with Beaver Warrior
Beaver Warrior is now destroyed
Yugi's life points are now 2300
1 valid moves
It is now Opponent's Turn
Opponent drew Mammoth Graveyard
Summoning Celtic Guardian
2 valid moves
Attacking Yugi directly with Celtic Guardian
Yugi's life points are now 900
1 valid moves
It is now Yugi's Turn
Yugi drew Man-Eating Treasure Chest
Summoning Winged Dragon, Guardian of the Fortress #1
5 valid moves
Attacking Neo the Magic Swordsman with Winged Dragon, Guardian of the Fortress #1
Winged Dragon, Guardian of the Fortress #1 is now destroyed
Yugi's life points are now 600
1 valid moves
It is now Opponent's Turn
Opponent drew Doma the Angel of Silence
Summoning Curse of Dragon
2 valid moves
Attacking Yugi directly with Curse of Dragon
GAME OVER!
Yugi's life points are now 0

Ending Simulated Game

Attacking Baron of the Fiend Sword with Giant Soldier of Stone
Giant Soldier of Stone is now destroyed
Opponent's life points are now 3750
5 valid moves

Simulating game

Yugi drew Witty Phantom
Yugi drew Beaver Warrior
Yugi drew Curse of Dragon
Yugi drew Sorcerer of the Doomed
Yugi drew Man-Eating Treasure Chest
5 valid moves
Attacking Baron of the Fiend Sword with Feral Imp
Feral Imp is now destroyed
Opponent's life points are now 3500
3 valid moves
It is now Yugi's Turn
Yugi drew Dark Magician
Summoning Beaver Warrior
4 valid moves
Attacking Dark Magician with Beaver Warrior
Beaver Warrior is now destroyed
Yugi's life points are now 2700
3 valid moves
It is now Opponent's Turn
Opponent drew Great White
Summoning Sorcerer of the Doomed
5 valid moves
It is now Yugi's Turn
Yugi drew Mystic Clown
Summoning Celtic Guardian
7 valid moves
It is now Opponent's Turn
Opponent drew Baron of the Fiend Sword
Summoning Winged Dragon, Guardian of the Fortress #1
10 valid moves
Attacking Baron of the Fiend Sword with Sorcerer of the Doomed
Sorcerer of the Doomed is now destroyed
Opponent's life points are now 3400
7 valid moves
Attacking Ancient Elf with Dark Magician
Ancient Elf is now destroyed
Yugi's life points are now 1650
3 valid moves
Attacking Celtic Guardian with Winged Dragon, Guardian of the Fortress #1
Celtic Guardian is now destroyed
Winged Dragon, Guardian of the Fortress #1 is now destroyed
1 valid moves
It is now Yugi's Turn
Yugi drew Mammoth Graveyard
Summoning Witty Phantom
3 valid moves
It is now Opponent's Turn
Opponent drew Claw Reacher
Summoning Baron of the Fiend Sword
3 valid moves
Attacking Witty Phantom with Baron of the Fiend Sword
Witty Phantom is now destroyed
Yugi's life points are now 1500
1 valid moves
It is now Yugi's Turn
Yugi drew Magical Ghost
Summoning Magical Ghost
5 valid moves
It is now Opponent's Turn
Opponent drew Dragon Zombie
Summoning Dragon Zombie
3 valid moves
Attacking Magical Ghost with Dragon Zombie
Magical Ghost is now destroyed
Yugi's life points are now 1200
1 valid moves
It is now Yugi's Turn
Yugi drew Doma the Angel of Silence
Summoning Curse of Dragon
7 valid moves
Attacking Dragon Zombie with Baron of the Fiend Sword
Baron of the Fiend Sword is now destroyed
Yugi's life points are now 1150
4 valid moves
Attacking Dark Magician with Curse of Dragon
Curse of Dragon is now destroyed
Yugi's life points are now 650
1 valid moves
It is now Opponent's Turn
Opponent drew Doma the Angel of Silence
Summoning Witty Phantom
2 valid moves
Attacking Yugi directly with Witty Phantom
GAME OVER!
Yugi's life points are now 0

Ending Simulated Game

It is now Yugi's Turn
Yugi drew Witty Phantom
Summoning Magical Ghost
7 valid moves

Simulating game

Opponent drew Gaia the Fierce Knight
Opponent drew Doma the Angel of Silence
Opponent drew Summoned Skull
Opponent drew Man-Eating Treasure Chest
Opponent drew Mystical Elf
7 valid moves
Attacking Feral Imp with Magical Ghost
Feral Imp is now destroyed
Magical Ghost is now destroyed
3 valid moves
It is now Opponent's Turn
Opponent drew Witty Phantom
Summoning Doma the Angel of Silence
5 valid moves
It is now Yugi's Turn
Yugi drew Ansatsu
Summoning Ansatsu
7 valid moves
Attacking Doma the Angel of Silence with Ansatsu
Doma the Angel of Silence is now destroyed
Opponent's life points are now 3650
3 valid moves
Attacking Dark Magician with Ancient Elf
Ancient Elf is now destroyed
Yugi's life points are now 2950
2 valid moves
It is now Opponent's Turn
Opponent drew Sorcerer of the Doomed
Summoning Celtic Guardian
5 valid moves
Attacking Baron of the Fiend Sword with Celtic Guardian
Celtic Guardian is now destroyed
Opponent's life points are now 3500
3 valid moves
Attacking Ansatsu with Dark Magician
Ansatsu is now destroyed
Yugi's life points are now 2150
1 valid moves
It is now Yugi's Turn
Yugi drew Man-Eating Treasure Chest
Summoning Dragon Zombie
3 valid moves
Attacking Dark Magician with Baron of the Fiend Sword
Baron of the Fiend Sword is now destroyed
Yugi's life points are now 1200
2 valid moves
Attacking Dark Magician with Dragon Zombie
Dragon Zombie is now destroyed
Yugi's life points are now 300
1 valid moves
It is now Opponent's Turn
Opponent drew Mammoth Graveyard
Summoning Curse of Dragon
2 valid moves
It is now Yugi's Turn
Yugi drew Great White
Summoning Man-Eating Treasure Chest
3 valid moves
Attacking Dark Magician with Man-Eating Treasure Chest
Man-Eating Treasure Chest is now destroyed
GAME OVER!
Yugi's life points are now 0

Ending Simulated Game

Attacking Dark Magician with Magical Ghost
Magical Ghost is now destroyed
Yugi's life points are now 2800
5 valid moves

Simulating game

Opponent drew Man-Eating Treasure Chest
Opponent drew Winged Dragon, Guardian of the Fortress #1
Opponent drew Gaia the Fierce Knight
Opponent drew Mystic Clown
Opponent drew Silver Fang
5 valid moves
Attacking Feral Imp with Ancient Elf
Feral Imp is now destroyed
Opponent's life points are now 3600
2 valid moves
Attacking Dark Magician with Baron of the Fiend Sword
Baron of the Fiend Sword is now destroyed
Yugi's life points are now 1850
1 valid moves
It is now Opponent's Turn
Opponent drew Magical Ghost
Summoning Winged Dragon, Guardian of the Fortress #1
3 valid moves
It is now Yugi's Turn
Yugi drew Mystic Clown
Summoning Summoned Skull
3 valid moves
Attacking Winged Dragon, Guardian of the Fortress #1 with Summoned Skull
Winged Dragon, Guardian of the Fortress #1 is now destroyed
Opponent's life points are now 2500
1 valid moves
It is now Opponent's Turn
Opponent drew Summoned Skull
Summoning Gaia the Fierce Knight
5 valid moves
Attacking Summoned Skull with Gaia the Fierce Knight
Gaia the Fierce Knight is now destroyed
Opponent's life points are now 2300
3 valid moves
Attacking Ancient Elf with Dark Magician
Ancient Elf is now destroyed
Yugi's life points are now 800
1 valid moves
It is now Yugi's Turn
Yugi drew Ansatsu
Summoning Gaia the Fierce Knight
2 valid moves
It is now Opponent's Turn
Opponent drew Neo the Magic Swordsman
Summoning Mystic Clown
3 valid moves
Attacking Summoned Skull with Mystic Clown
Mystic Clown is now destroyed
Opponent's life points are now 1300
1 valid moves
It is now Yugi's Turn
Yugi drew Mystical Elf
Summoning Mystic Clown
3 valid moves
Attacking Dark Magician with Mystic Clown
Mystic Clown is now destroyed
GAME OVER!
Yugi's life points are now 0

Ending Simulated Game

Attacking Dark Magician with Ancient Elf
Ancient Elf is now destroyed
Yugi's life points are now 1750
3 valid moves

Simulating game

Opponent drew Witty Phantom
Opponent drew Magical Ghost
Opponent drew Man-Eating Treasure Chest
Opponent drew Beaver Warrior
Opponent drew Winged Dragon, Guardian of the Fortress #1
3 valid moves
It is now Opponent's Turn
Opponent drew Sorcerer of the Doomed
Summoning Man-Eating Treasure Chest
4 valid moves
Attacking Baron of the Fiend Sword with Feral Imp
Feral Imp is now destroyed
Opponent's life points are now 3500
3 valid moves
Attacking Baron of the Fiend Sword with Dark Magician
Baron of the Fiend Sword is now destroyed
Yugi's life points are now 800
2 valid moves
Attacking Yugi directly with Man-Eating Treasure Chest
GAME OVER!
Yugi's life points are now 0

Ending Simulated Game

It is now Opponent's Turn
Opponent drew Man-Eating Treasure Chest
Summoning Curse of Dragon
4 valid moves

Simulating game

Yugi drew Great White
Yugi drew Beaver Warrior
Yugi drew Neo the Magic Swordsman
Yugi drew Dark Magician
Yugi drew Witty Phantom
4 valid moves
Attacking Baron of the Fiend Sword with Dark Magician
Baron of the Fiend Sword is now destroyed
Yugi's life points are now 800
3 valid moves
It is now Yugi's Turn
Yugi drew Silver Fang
Summoning Summoned Skull
4 valid moves
Attacking Feral Imp with Summoned Skull
Feral Imp is now destroyed
Opponent's life points are now 2550
1 valid moves
It is now Opponent's Turn
Opponent drew Ancient Elf
Summoning Winged Dragon, Guardian of the Fortress #1
3 valid moves
It is now Yugi's Turn
Yugi drew Gaia the Fierce Knight
Summoning Celtic Guardian
4 valid moves
It is now Opponent's Turn
Opponent drew Dragon Zombie
Summoning Celtic Guardian
7 valid moves
Attacking Celtic Guardian with Curse of Dragon
Celtic Guardian is now destroyed
Yugi's life points are now 200
3 valid moves
Attacking Summoned Skull with Winged Dragon, Guardian of the Fortress #1
Winged Dragon, Guardian of the Fortress #1 is now destroyed
Opponent's life points are now 1450
2 valid moves
It is now Yugi's Turn
Yugi drew Curse of Dragon
Summoning Beaver Warrior
4 valid moves
Attacking Curse of Dragon with Beaver Warrior
Beaver Warrior is now destroyed
GAME OVER!
Yugi's life points are now 0

Ending Simulated Game

Attacking Baron of the Fiend Sword with Curse of Dragon
Baron of the Fiend Sword is now destroyed
Yugi's life points are now 1300
3 valid moves

Simulating game

Yugi drew Mystic Clown
Yugi drew Great White
Yugi drew Witty Phantom
Yugi drew Feral Imp
Yugi drew Dragon Zombie
3 valid moves
It is now Yugi's Turn
Yugi drew Mystical Elf
Summoning Witty Phantom
4 valid moves
Attacking Feral Imp with Witty Phantom
Feral Imp is now destroyed
Opponent's life points are now 3650
1 valid moves
It is now Opponent's Turn
Opponent drew Beaver Warrior
Summoning Witty Phantom
3 valid moves
Attacking Witty Phantom with Witty Phantom
Witty Phantom is now destroyed
Witty Phantom is now destroyed
2 valid moves
It is now Yugi's Turn
Yugi drew Doma the Angel of Silence
Summoning Celtic Guardian
3 valid moves
Attacking Curse of Dragon with Celtic Guardian
Celtic Guardian is now destroyed
Yugi's life points are now 700
1 valid moves
It is now Opponent's Turn
Opponent drew Summoned Skull
Summoning Beaver Warrior
3 valid moves
Attacking Yugi directly with Dark Magician
GAME OVER!
Yugi's life points are now 0

Ending Simulated Game

It is now Yugi's Turn
Yugi drew Feral Imp
Summoning Dragon Zombie
4 valid moves

Simulating game

Opponent drew Mystical Elf
Opponent drew Summoned Skull
Opponent drew Magical Ghost
Opponent drew Winged Dragon, Guardian of the Fortress #1
Opponent drew Dragon Zombie
4 valid moves
Attacking Curse of Dragon with Dragon Zombie
Dragon Zombie is now destroyed
Yugi's life points are now 900
1 valid moves
It is now Opponent's Turn
Opponent drew Witty Phantom
Summoning Magical Ghost
4 valid moves
Attacking Yugi directly with Dark Magician
GAME OVER!
Yugi's life points are now 0

Ending Simulated Game

Attacking Feral Imp with Dragon Zombie
Feral Imp is now destroyed
Opponent's life points are now 3450
1 valid moves

Simulating game

Opponent drew Dragon Zombie
Opponent drew Beaver Warrior
Opponent drew Ansatsu
Opponent drew Mystical Elf
Opponent drew Baron of the Fiend Sword
1 valid moves
It is now Opponent's Turn
Opponent drew Great White
Summoning Ansatsu
3 valid moves
Attacking Dragon Zombie with Ansatsu
Dragon Zombie is now destroyed
Yugi's life points are now 1200
2 valid moves
Attacking Yugi directly with Dark Magician
GAME OVER!
Yugi's life points are now 0

Ending Simulated Game

It is now Opponent's Turn
Opponent drew Silver Fang
Summoning Silver Fang
3 valid moves

Simulating game

Yugi drew Mystic Clown
Yugi drew Beaver Warrior
Yugi drew Ansatsu
Yugi drew Gaia the Fierce Knight
Yugi drew Man-Eating Treasure Chest
3 valid moves
It is now Yugi's Turn
Yugi drew Celtic Guardian
Summoning Witty Phantom
4 valid moves
Attacking Silver Fang with Witty Phantom
Silver Fang is now destroyed
Opponent's life points are now 3250
1 valid moves
It is now Opponent's Turn
Opponent drew Gaia the Fierce Knight
Summoning Winged Dragon, Guardian of the Fortress #1
5 valid moves
Attacking Dragon Zombie with Winged Dragon, Guardian of the Fortress #1
Winged Dragon, Guardian of the Fortress #1 is now destroyed
Opponent's life points are now 3050
3 valid moves
It is now Yugi's Turn
Yugi drew Winged Dragon, Guardian of the Fortress #1
Summoning Mystic Clown
3 valid moves
It is now Opponent's Turn
Opponent drew Ancient Elf
Summoning Celtic Guardian
7 valid moves
Attacking Mystic Clown with Celtic Guardian
Celtic Guardian is now destroyed
Opponent's life points are now 2950
4 valid moves
Attacking Dragon Zombie with Dark Magician
Dragon Zombie is now destroyed
Yugi's life points are now 400
1 valid moves
It is now Yugi's Turn
Yugi drew Silver Fang
Summoning Gaia the Fierce Knight
5 valid moves
Attacking Dark Magician with Mystic Clown
Mystic Clown is now destroyed
GAME OVER!
Yugi's life points are now 0

Ending Simulated Game

Attacking Dragon Zombie with Dark Magician
Dragon Zombie is now destroyed
Yugi's life points are now 400
2 valid moves

Simulating game

Yugi drew Beaver Warrior
Yugi drew Giant Soldier of Stone
Yugi drew Ansatsu
Yugi drew Celtic Guardian
Yugi drew Man-Eating Treasure Chest
2 valid moves
It is now Yugi's Turn
Yugi drew Claw Reacher
Summoning Man-Eating Treasure Chest
4 valid moves
Attacking Dark Magician with Man-Eating Treasure Chest
Man-Eating Treasure Chest is now destroyed
GAME OVER!
Yugi's life points are now 0

Ending Simulated Game

It is now Yugi's Turn
Yugi drew Ansatsu
Summoning Summoned Skull
4 valid moves

Simulating game

Opponent drew Ancient Elf
Opponent drew Magical Ghost
Opponent drew Summoned Skull
Opponent drew Doma the Angel of Silence
Opponent drew Great White
4 valid moves
It is now Opponent's Turn
Opponent drew Beaver Warrior
Summoning Celtic Guardian
3 valid moves
Attacking Summoned Skull with Celtic Guardian
Celtic Guardian is now destroyed
Opponent's life points are now 2350
2 valid moves
It is now Yugi's Turn
Yugi drew Mystical Elf
Summoning Witty Phantom
7 valid moves
Attacking Dark Magician with Witty Phantom
Witty Phantom is now destroyed
GAME OVER!
Yugi's life points are now 0

Ending Simulated Game

Attacking Dark Magician with Summoned Skull
Dark Magician is now destroyed
Summoned Skull is now destroyed
1 valid moves

Simulating game

Opponent drew Beaver Warrior
Opponent drew Dragon Zombie
Opponent drew Gaia the Fierce Knight
Opponent drew Claw Reacher
Opponent drew Great White
1 valid moves
It is now Opponent's Turn
Opponent drew Doma the Angel of Silence
Summoning Claw Reacher
3 valid moves
Attacking Yugi directly with Silver Fang
GAME OVER!
Yugi's life points are now 0

Ending Simulated Game

It is now Opponent's Turn
Opponent drew Claw Reacher
Summoning Claw Reacher
3 valid moves

Simulating game

Yugi drew Sorcerer of the Doomed
Yugi drew Giant Soldier of Stone
Yugi drew Ansatsu
Yugi drew Witty Phantom
Yugi drew Neo the Magic Swordsman
3 valid moves
Attacking Yugi directly with Claw Reacher
GAME OVER!
Yugi's life points are now 0

Ending Simulated Game

It is now Yugi's Turn
Yugi drew Giant Soldier of Stone
Summoning Celtic Guardian
4 valid moves

Simulating game

Opponent drew Man-Eating Treasure Chest
Opponent drew Doma the Angel of Silence
Opponent drew Gaia the Fierce Knight
Opponent drew Baron of the Fiend Sword
Opponent drew Witty Phantom
4 valid moves
Attacking Silver Fang with Celtic Guardian
Silver Fang is now destroyed
Opponent's life points are now 3250
1 valid moves
It is now Opponent's Turn
Opponent drew Winged Dragon, Guardian of the Fortress #1
Summoning Celtic Guardian
3 valid moves
Attacking Celtic Guardian with Celtic Guardian
Celtic Guardian is now destroyed
Celtic Guardian is now destroyed
2 valid moves
It is now Yugi's Turn
Yugi drew Winged Dragon, Guardian of the Fortress #1
Summoning Ansatsu
3 valid moves
Attacking Curse of Dragon with Ansatsu
Ansatsu is now destroyed
Yugi's life points are now 100
1 valid moves
It is now Opponent's Turn
Opponent drew Beaver Warrior
Summoning Winged Dragon, Guardian of the Fortress #1
3 valid moves
Attacking Yugi directly with Claw Reacher
GAME OVER!
Yugi's life points are now 0

Ending Simulated Game

It is now Opponent's Turn
Opponent drew Doma the Angel of Silence
Summoning Witty Phantom
4 valid moves

Simulating game

Yugi drew Winged Dragon, Guardian of the Fortress #1
Yugi drew Gaia the Fierce Knight
Yugi drew Beaver Warrior
Yugi drew Mystical Elf
Yugi drew Giant Soldier of Stone
4 valid moves
It is now Yugi's Turn
Yugi drew Great White
Summoning Great White
9 valid moves
Attacking Claw Reacher with Great White
Claw Reacher is now destroyed
Opponent's life points are now 2850
4 valid moves
It is now Opponent's Turn
Opponent drew Ansatsu
Summoning Celtic Guardian
7 valid moves
Attacking Great White with Witty Phantom
Witty Phantom is now destroyed
Opponent's life points are now 2650
5 valid moves
Attacking Celtic Guardian with Silver Fang
Silver Fang is now destroyed
Opponent's life points are now 2450
3 valid moves
Attacking Celtic Guardian with Celtic Guardian
Celtic Guardian is now destroyed
Celtic Guardian is now destroyed
1 valid moves
It is now Yugi's Turn
Yugi drew Neo the Magic Swordsman
Summoning Giant Soldier of Stone
2 valid moves
It is now Opponent's Turn
Opponent drew Mystical Elf
Summoning Doma the Angel of Silence
3 valid moves
Attacking Giant Soldier of Stone with Doma the Angel of Silence
Giant Soldier of Stone is now destroyed
Yugi's life points are now 100
1 valid moves
It is now Yugi's Turn
Yugi drew Mammoth Graveyard
Summoning Ansatsu
3 valid moves
Attacking Curse of Dragon with Ansatsu
Ansatsu is now destroyed
GAME OVER!
Yugi's life points are now 0

Ending Simulated Game

Attacking Celtic Guardian with Silver Fang
Silver Fang is now destroyed
Opponent's life points are now 3250
3 valid moves

Simulating game

Yugi drew Mystic Clown
Yugi drew Gaia the Fierce Knight
Yugi drew Feral Imp
Yugi drew Claw Reacher
Yugi drew Winged Dragon, Guardian of the Fortress #1
3 valid moves
It is now Yugi's Turn
Yugi drew Sorcerer of the Doomed
Summoning Feral Imp
7 valid moves
Attacking Witty Phantom with Feral Imp
Feral Imp is now destroyed
Yugi's life points are now 300
4 valid moves
Attacking Curse of Dragon with Celtic Guardian
Celtic Guardian is now destroyed
GAME OVER!
Yugi's life points are now 0

Ending Simulated Game

It is now Yugi's Turn
Yugi drew Beaver Warrior
Summoning Feral Imp
7 valid moves

Simulating game

Opponent drew Summoned Skull
Opponent drew Dragon Zombie
Opponent drew Doma the Angel of Silence
Opponent drew Ansatsu
Opponent drew Gaia the Fierce Knight
7 valid moves
Attacking Claw Reacher with Celtic Guardian
Claw Reacher is now destroyed
Opponent's life points are now 2850
3 valid moves
Attacking Curse of Dragon with Feral Imp
Feral Imp is now destroyed
GAME OVER!
Yugi's life points are now 0

Ending Simulated Game

Attacking Witty Phantom with Celtic Guardian
Witty Phantom is now destroyed
Celtic Guardian is now destroyed
3 valid moves

Simulating game

Opponent drew Winged Dragon, Guardian of the Fortress #1
Opponent drew Beaver Warrior
Opponent drew Neo the Magic Swordsman
Opponent drew Ancient Elf
Opponent drew Doma the Angel of Silence
3 valid moves
It is now Opponent's Turn
Opponent drew Sorcerer of the Doomed
Summoning Doma the Angel of Silence
3 valid moves
It is now Yugi's Turn
Yugi drew Neo the Magic Swordsman
Summoning Gaia the Fierce Knight
7 valid moves
Attacking Curse of Dragon with Gaia the Fierce Knight
Curse of Dragon is now destroyed
Opponent's life points are now 2950
3 valid moves
Attacking Doma the Angel of Silence with Feral Imp
Feral Imp is now destroyed
Yugi's life points are now 100
1 valid moves
It is now Opponent's Turn
Opponent drew Magical Ghost
Summoning Man-Eating Treasure Chest
4 valid moves
Attacking Gaia the Fierce Knight with Doma the Angel of Silence
Doma the Angel of Silence is now destroyed
Opponent's life points are now 2250
3 valid moves
It is now Yugi's Turn
Yugi drew Sorcerer of the Doomed
Summoning Neo the Magic Swordsman
3 valid moves
Attacking Man-Eating Treasure Chest with Neo the Magic Swordsman
Man-Eating Treasure Chest is now destroyed
Opponent's life points are now 2150
1 valid moves
It is now Opponent's Turn
Opponent drew Baron of the Fiend Sword
Summoning Beaver Warrior
5 valid moves
Attacking Neo the Magic Swordsman with Claw Reacher
Claw Reacher is now destroyed
Opponent's life points are now 1450
3 valid moves
It is now Yugi's Turn
Yugi drew Great White
Summoning Ansatsu
2 valid moves
Attacking Beaver Warrior with Ansatsu
Beaver Warrior is now destroyed
Opponent's life points are now 950
1 valid moves
It is now Opponent's Turn
Opponent drew Ansatsu
Summoning Ancient Elf
4 valid moves
It is now Yugi's Turn
Yugi drew Mystic Clown
Summoning Beaver Warrior
2 valid moves
Attacking Ancient Elf with Beaver Warrior
Beaver Warrior is now destroyed
GAME OVER!
Yugi's life points are now 0

Ending Simulated Game

Attacking Claw Reacher with Feral Imp
Claw Reacher is now destroyed
Opponent's life points are now 2950
1 valid moves

Simulating game

Opponent drew Beaver Warrior
Opponent drew Magical Ghost
Opponent drew Ansatsu
Opponent drew Doma the Angel of Silence
Opponent drew Gaia the Fierce Knight
1 valid moves
It is now Opponent's Turn
Opponent drew Mystical Elf
Summoning Doma the Angel of Silence
2 valid moves
Attacking Feral Imp with Doma the Angel of Silence
Feral Imp is now destroyed
Yugi's life points are now 100
1 valid moves
It is now Yugi's Turn
Yugi drew Mystic Clown
Summoning Witty Phantom
3 valid moves
It is now Opponent's Turn
Opponent drew Baron of the Fiend Sword
Summoning Celtic Guardian
2 valid moves
It is now Yugi's Turn
Yugi drew Claw Reacher
Summoning Mystic Clown
7 valid moves
Attacking Curse of Dragon with Mystic Clown
Mystic Clown is now destroyed
GAME OVER!
Yugi's life points are now 0

Ending Simulated Game

It is now Opponent's Turn
Opponent drew Magical Ghost
Summoning Man-Eating Treasure Chest
2 valid moves

Simulating game

Yugi drew Ansatsu
Yugi drew Sorcerer of the Doomed
Yugi drew Beaver Warrior
Yugi drew Mammoth Graveyard
Yugi drew Great White
2 valid moves
Attacking Feral Imp with Man-Eating Treasure Chest
Feral Imp is now destroyed
Yugi's life points are now 100
1 valid moves
It is now Yugi's Turn
Yugi drew Neo the Magic Swordsman
Summoning Giant Soldier of Stone
3 valid moves
Attacking Man-Eating Treasure Chest with Giant Soldier of Stone
Giant Soldier of Stone is now destroyed
GAME OVER!
Yugi's life points are now 0

Ending Simulated Game

Attacking Feral Imp with Man-Eating Treasure Chest
Feral Imp is now destroyed
Yugi's life points are now 100
1 valid moves

Simulating game

Yugi drew Ansatsu
Yugi drew Neo the Magic Swordsman
Yugi drew Mystic Clown
Yugi drew Silver Fang
Yugi drew Mystical Elf
1 valid moves
It is now Yugi's Turn
Yugi drew Man-Eating Treasure Chest
Summoning Neo the Magic Swordsman
3 valid moves
Attacking Man-Eating Treasure Chest with Neo the Magic Swordsman
Man-Eating Treasure Chest is now destroyed
Opponent's life points are now 2850
1 valid moves
It is now Opponent's Turn
Opponent drew Mystic Clown
Summoning Celtic Guardian
2 valid moves
Attacking Neo the Magic Swordsman with Celtic Guardian
Celtic Guardian is now destroyed
Opponent's life points are now 2550
1 valid moves
It is now Yugi's Turn
Yugi drew Gaia the Fierce Knight
Summoning Witty Phantom
2 valid moves
It is now Opponent's Turn
Opponent drew Neo the Magic Swordsman
Summoning Magical Ghost
3 valid moves
Attacking Witty Phantom with Magical Ghost
Magical Ghost is now destroyed
Opponent's life points are now 2450
1 valid moves
It is now Yugi's Turn
Yugi drew Great White
Summoning Mystical Elf
3 valid moves
Attacking Curse of Dragon with Witty Phantom
Witty Phantom is now destroyed
GAME OVER!
Yugi's life points are now 0

Ending Simulated Game

It is now Yugi's Turn
Yugi drew Claw Reacher
Summoning Beaver Warrior
3 valid moves

Simulating game

Opponent drew Dragon Zombie
Opponent drew Winged Dragon, Guardian of the Fortress #1
Opponent drew Beaver Warrior
Opponent drew Neo the Magic Swordsman
Opponent drew Mystical Elf
3 valid moves
Attacking Man-Eating Treasure Chest with Beaver Warrior
Beaver Warrior is now destroyed
GAME OVER!
Yugi's life points are now 0

Ending Simulated Game

It is now Opponent's Turn
Opponent drew Beaver Warrior
Summoning Celtic Guardian
2 valid moves

Simulating game

Yugi drew Curse of Dragon
Yugi drew Silver Fang
Yugi drew Mammoth Graveyard
Yugi drew Sorcerer of the Doomed
Yugi drew Man-Eating Treasure Chest
2 valid moves
Attacking Beaver Warrior with Celtic Guardian
Beaver Warrior is now destroyed
GAME OVER!
Yugi's life points are now 0

Ending Simulated Game

It is now Yugi's Turn
Yugi drew Doma the Angel of Silence
Summoning Gaia the Fierce Knight
7 valid moves

Simulating game

Opponent drew Doma the Angel of Silence
Opponent drew Great White
Opponent drew Ancient Elf
Opponent drew Neo the Magic Swordsman
Opponent drew Dragon Zombie
7 valid moves
Attacking Celtic Guardian with Gaia the Fierce Knight
Celtic Guardian is now destroyed
Opponent's life points are now 2050
3 valid moves
It is now Opponent's Turn
Opponent drew Baron of the Fiend Sword
Summoning Doma the Angel of Silence
3 valid moves
It is now Yugi's Turn
Yugi drew Great White
Summoning Giant Soldier of Stone
7 valid moves
Attacking Doma the Angel of Silence with Beaver Warrior
Beaver Warrior is now destroyed
GAME OVER!
Yugi's life points are now 0

Ending Simulated Game

Attacking Man-Eating Treasure Chest with Beaver Warrior
Beaver Warrior is now destroyed
GAME OVER!
Yugi's life points are now 0
The winner is Opponent
