INFO:root:Yugi drew Ansatsu
INFO:root:Opponent drew Winged Dragon, Guardian of the Fortress #1
INFO:root:Yugi drew Curse of Dragon
INFO:root:Opponent drew Summoned Skull
INFO:root:Yugi drew Summoned Skull
INFO:root:Opponent drew Man-Eating Treasure Chest
INFO:root:Yugi drew Silver Fang
INFO:root:Opponent drew Baron of the Fiend Sword
INFO:root:Yugi drew Winged Dragon, Guardian of the Fortress #1
INFO:root:Opponent drew Mystic Clown
INFO:root:
BEGIN GAME!!!

INFO:root:Yugi goes first
INFO:root:Yugi drew Claw Reacher
INFO:root:Summoning Ansatsu
INFO:root:It is now Opponent's Turn
INFO:root:Opponent drew Mystical Elf
INFO:root:Summoning Summoned Skull
INFO:root:2 valid moves
INFO:root:Advance Turn
INFO:root:Attack Ansatsu (1700) with Summoned Skull (2500)
INFO:root:Beginning ISMCTS Simulation
INFO:root:Ending ISMCTS Simulation
INFO:root:Advance Turn 63/66 , 0.954545454545
INFO:root:Attack Ansatsu (1700) with Summoned Skull (2500) 60/65 , 0.923076923077
INFO:root:It is now Yugi's Turn
INFO:root:Yugi drew Baron of the Fiend Sword
INFO:root:Summoning Curse of Dragon
INFO:root:3 valid moves
INFO:root:Advance Turn
INFO:root:Attack Summoned Skull (2500) with Ansatsu (1700)
INFO:root:Attack Summoned Skull (2500) with Curse of Dragon (2000)
INFO:root:Beginning ISMCTS Simulation
INFO:root:Ending ISMCTS Simulation
INFO:root:Advance Turn 0/71 , 0.0
INFO:root:Attack Summoned Skull (2500) with Ansatsu (1700) 3/70 , 0.0428571428571
INFO:root:Attack Summoned Skull (2500) with Curse of Dragon (2000) 4/71 , 0.056338028169
INFO:root:Attacking Summoned Skull with Curse of Dragon
INFO:root:Curse of Dragon is now destroyed
INFO:root:Yugi's life points are now 3500
INFO:root:2 valid moves
INFO:root:Advance Turn
INFO:root:Attack Summoned Skull (2500) with Ansatsu (1700)
INFO:root:Beginning ISMCTS Simulation
INFO:root:Ending ISMCTS Simulation
INFO:root:Advance Turn 4/50 , 0.08
INFO:root:Attack Summoned Skull (2500) with Ansatsu (1700) 0/50 , 0.0
INFO:root:It is now Opponent's Turn
INFO:root:Opponent drew Witty Phantom
INFO:root:Summoning Witty Phantom
INFO:root:3 valid moves
INFO:root:Advance Turn
INFO:root:Attack Ansatsu (1700) with Summoned Skull (2500)
INFO:root:Attack Ansatsu (1700) with Witty Phantom (1400)
INFO:root:Beginning ISMCTS Simulation
INFO:root:Ending ISMCTS Simulation
INFO:root:Advance Turn 62/65 , 0.953846153846
INFO:root:Attack Ansatsu (1700) with Summoned Skull (2500) 57/63 , 0.904761904762
INFO:root:Attack Ansatsu (1700) with Witty Phantom (1400) 56/63 , 0.888888888889
INFO:root:It is now Yugi's Turn
INFO:root:Yugi drew Doma the Angel of Silence
INFO:root:Summoning Silver Fang
INFO:root:5 valid moves
INFO:root:Advance Turn
INFO:root:Attack Summoned Skull (2500) with Ansatsu (1700)
INFO:root:Attack Witty Phantom (1400) with Ansatsu (1700)
INFO:root:Attack Summoned Skull (2500) with Silver Fang (1200)
INFO:root:Attack Witty Phantom (1400) with Silver Fang (1200)
INFO:root:Beginning ISMCTS Simulation
INFO:root:Ending ISMCTS Simulation
INFO:root:Advance Turn 6/53 , 0.11320754717
INFO:root:Attack Summoned Skull (2500) with Ansatsu (1700) 0/52 , 0.0
INFO:root:Attack Witty Phantom (1400) with Ansatsu (1700) 0/56 , 0.0
INFO:root:Attack Summoned Skull (2500) with Silver Fang (1200) 6/56 , 0.107142857143
INFO:root:Attack Witty Phantom (1400) with Silver Fang (1200) 0/52 , 0.0
INFO:root:It is now Opponent's Turn
INFO:root:Opponent drew Magical Ghost
INFO:root:Summoning Mystic Clown
INFO:root:7 valid moves
INFO:root:Advance Turn
INFO:root:Attack Ansatsu (1700) with Summoned Skull (2500)
INFO:root:Attack Silver Fang (1200) with Summoned Skull (2500)
INFO:root:Attack Ansatsu (1700) with Witty Phantom (1400)
INFO:root:Attack Silver Fang (1200) with Witty Phantom (1400)
INFO:root:Attack Ansatsu (1700) with Mystic Clown (1500)
INFO:root:Attack Silver Fang (1200) with Mystic Clown (1500)
INFO:root:Beginning ISMCTS Simulation
INFO:root:Ending ISMCTS Simulation
INFO:root:Advance Turn 33/37 , 0.891891891892
INFO:root:Attack Ansatsu (1700) with Summoned Skull (2500) 39/41 , 0.951219512195
INFO:root:Attack Silver Fang (1200) with Summoned Skull (2500) 32/37 , 0.864864864865
INFO:root:Attack Ansatsu (1700) with Witty Phantom (1400) 35/36 , 0.972222222222
INFO:root:Attack Silver Fang (1200) with Witty Phantom (1400) 30/37 , 0.810810810811
INFO:root:Attack Ansatsu (1700) with Mystic Clown (1500) 36/37 , 0.972972972973
INFO:root:Attack Silver Fang (1200) with Mystic Clown (1500) 30/37 , 0.810810810811
INFO:root:Attacking Ansatsu with Mystic Clown
INFO:root:Mystic Clown is now destroyed
INFO:root:Opponent's life points are now 3800
INFO:root:5 valid moves
INFO:root:Advance Turn
INFO:root:Attack Ansatsu (1700) with Summoned Skull (2500)
INFO:root:Attack Silver Fang (1200) with Summoned Skull (2500)
INFO:root:Attack Ansatsu (1700) with Witty Phantom (1400)
INFO:root:Attack Silver Fang (1200) with Witty Phantom (1400)
INFO:root:Beginning ISMCTS Simulation
INFO:root:Ending ISMCTS Simulation
INFO:root:Advance Turn 36/37 , 0.972972972973
INFO:root:Attack Ansatsu (1700) with Summoned Skull (2500) 32/37 , 0.864864864865
INFO:root:Attack Silver Fang (1200) with Summoned Skull (2500) 33/37 , 0.891891891892
INFO:root:Attack Ansatsu (1700) with Witty Phantom (1400) 30/37 , 0.810810810811
INFO:root:Attack Silver Fang (1200) with Witty Phantom (1400) 34/37 , 0.918918918919
INFO:root:It is now Yugi's Turn
INFO:root:Yugi drew Man-Eating Treasure Chest
INFO:root:Summoning Doma the Angel of Silence
INFO:root:7 valid moves
INFO:root:Advance Turn
INFO:root:Attack Summoned Skull (2500) with Ansatsu (1700)
INFO:root:Attack Witty Phantom (1400) with Ansatsu (1700)
INFO:root:Attack Summoned Skull (2500) with Silver Fang (1200)
INFO:root:Attack Witty Phantom (1400) with Silver Fang (1200)
INFO:root:Attack Summoned Skull (2500) with Doma the Angel of Silence (1600)
INFO:root:Attack Witty Phantom (1400) with Doma the Angel of Silence (1600)
INFO:root:Beginning ISMCTS Simulation
INFO:root:Ending ISMCTS Simulation
INFO:root:Advance Turn 0/46 , 0.0
INFO:root:Attack Summoned Skull (2500) with Ansatsu (1700) 3/46 , 0.0652173913043
INFO:root:Attack Witty Phantom (1400) with Ansatsu (1700) 6/46 , 0.130434782609
INFO:root:Attack Summoned Skull (2500) with Silver Fang (1200) 0/46 , 0.0
INFO:root:Attack Witty Phantom (1400) with Silver Fang (1200) 7/43 , 0.162790697674
INFO:root:Attack Summoned Skull (2500) with Doma the Angel of Silence (1600) 0/43 , 0.0
INFO:root:Attack Witty Phantom (1400) with Doma the Angel of Silence (1600) 0/46 , 0.0
INFO:root:Attacking Witty Phantom with Silver Fang
INFO:root:Silver Fang is now destroyed
INFO:root:Yugi's life points are now 3300
INFO:root:5 valid moves
INFO:root:Advance Turn
INFO:root:Attack Summoned Skull (2500) with Ansatsu (1700)
INFO:root:Attack Witty Phantom (1400) with Ansatsu (1700)
INFO:root:Attack Summoned Skull (2500) with Doma the Angel of Silence (1600)
INFO:root:Attack Witty Phantom (1400) with Doma the Angel of Silence (1600)
INFO:root:Beginning ISMCTS Simulation
INFO:root:Ending ISMCTS Simulation
INFO:root:Advance Turn 10/56 , 0.178571428571
INFO:root:Attack Summoned Skull (2500) with Ansatsu (1700) 0/56 , 0.0
INFO:root:Attack Witty Phantom (1400) with Ansatsu (1700) 4/53 , 0.0754716981132
INFO:root:Attack Summoned Skull (2500) with Doma the Angel of Silence (1600) 0/52 , 0.0
INFO:root:Attack Witty Phantom (1400) with Doma the Angel of Silence (1600) 0/52 , 0.0
INFO:root:It is now Opponent's Turn
INFO:root:Opponent drew Curse of Dragon
INFO:root:Summoning Baron of the Fiend Sword
INFO:root:7 valid moves
INFO:root:Advance Turn
INFO:root:Attack Ansatsu (1700) with Summoned Skull (2500)
INFO:root:Attack Doma the Angel of Silence (1600) with Summoned Skull (2500)
INFO:root:Attack Ansatsu (1700) with Witty Phantom (1400)
INFO:root:Attack Doma the Angel of Silence (1600) with Witty Phantom (1400)
INFO:root:Attack Ansatsu (1700) with Baron of the Fiend Sword (1550)
INFO:root:Attack Doma the Angel of Silence (1600) with Baron of the Fiend Sword (1550)
INFO:root:Beginning ISMCTS Simulation
INFO:root:Ending ISMCTS Simulation
INFO:root:Advance Turn 42/50 , 0.84
INFO:root:Attack Ansatsu (1700) with Summoned Skull (2500) 48/50 , 0.96
INFO:root:Attack Doma the Angel of Silence (1600) with Summoned Skull (2500) 48/50 , 0.96
INFO:root:Attack Ansatsu (1700) with Witty Phantom (1400) 49/51 , 0.960784313725
INFO:root:Attack Doma the Angel of Silence (1600) with Witty Phantom (1400) 35/50 , 0.7
INFO:root:Attack Ansatsu (1700) with Baron of the Fiend Sword (1550) 49/51 , 0.960784313725
INFO:root:Attack Doma the Angel of Silence (1600) with Baron of the Fiend Sword (1550) 44/46 , 0.95652173913
INFO:root:Attacking Ansatsu with Witty Phantom
INFO:root:Witty Phantom is now destroyed
INFO:root:Opponent's life points are now 3500
INFO:root:5 valid moves
INFO:root:Advance Turn
INFO:root:Attack Ansatsu (1700) with Summoned Skull (2500)
INFO:root:Attack Doma the Angel of Silence (1600) with Summoned Skull (2500)
INFO:root:Attack Ansatsu (1700) with Baron of the Fiend Sword (1550)
INFO:root:Attack Doma the Angel of Silence (1600) with Baron of the Fiend Sword (1550)
INFO:root:Beginning ISMCTS Simulation
INFO:root:Ending ISMCTS Simulation
INFO:root:Advance Turn 48/56 , 0.857142857143
INFO:root:Attack Ansatsu (1700) with Summoned Skull (2500) 45/51 , 0.882352941176
INFO:root:Attack Doma the Angel of Silence (1600) with Summoned Skull (2500) 45/51 , 0.882352941176
INFO:root:Attack Ansatsu (1700) with Baron of the Fiend Sword (1550) 48/51 , 0.941176470588
INFO:root:Attack Doma the Angel of Silence (1600) with Baron of the Fiend Sword (1550) 44/51 , 0.862745098039
INFO:root:Attacking Ansatsu with Baron of the Fiend Sword
INFO:root:Baron of the Fiend Sword is now destroyed
INFO:root:Opponent's life points are now 3350
INFO:root:3 valid moves
INFO:root:Advance Turn
INFO:root:Attack Ansatsu (1700) with Summoned Skull (2500)
INFO:root:Attack Doma the Angel of Silence (1600) with Summoned Skull (2500)
INFO:root:Beginning ISMCTS Simulation
INFO:root:Ending ISMCTS Simulation
INFO:root:Advance Turn 45/58 , 0.775862068966
INFO:root:Attack Ansatsu (1700) with Summoned Skull (2500) 57/58 , 0.98275862069
INFO:root:Attack Doma the Angel of Silence (1600) with Summoned Skull (2500) 51/56 , 0.910714285714
INFO:root:Attacking Ansatsu with Summoned Skull
INFO:root:Ansatsu is now destroyed
INFO:root:Yugi's life points are now 2500
INFO:root:1 valid moves
INFO:root:Advance Turn
INFO:root:It is now Yugi's Turn
INFO:root:Yugi drew Neo the Magic Swordsman
INFO:root:Summoning Neo the Magic Swordsman
INFO:root:3 valid moves
INFO:root:Advance Turn
INFO:root:Attack Summoned Skull (2500) with Neo the Magic Swordsman (1700)
INFO:root:Attack Summoned Skull (2500) with Doma the Angel of Silence (1600)
INFO:root:Beginning ISMCTS Simulation
INFO:root:Ending ISMCTS Simulation
INFO:root:Advance Turn 2/71 , 0.0281690140845
INFO:root:Attack Summoned Skull (2500) with Neo the Magic Swordsman (1700) 0/71 , 0.0
INFO:root:Attack Summoned Skull (2500) with Doma the Angel of Silence (1600) 1/70 , 0.0142857142857
INFO:root:It is now Opponent's Turn
INFO:root:Opponent drew Ancient Elf
INFO:root:Summoning Ancient Elf
INFO:root:5 valid moves
INFO:root:Advance Turn
INFO:root:Attack Neo the Magic Swordsman (1700) with Summoned Skull (2500)
INFO:root:Attack Doma the Angel of Silence (1600) with Summoned Skull (2500)
INFO:root:Attack Neo the Magic Swordsman (1700) with Ancient Elf (1450)
INFO:root:Attack Doma the Angel of Silence (1600) with Ancient Elf (1450)
INFO:root:Beginning ISMCTS Simulation
INFO:root:Ending ISMCTS Simulation
INFO:root:Advance Turn 38/46 , 0.826086956522
INFO:root:Attack Neo the Magic Swordsman (1700) with Summoned Skull (2500) 42/45 , 0.933333333333
INFO:root:Attack Doma the Angel of Silence (1600) with Summoned Skull (2500) 44/46 , 0.95652173913
INFO:root:Attack Neo the Magic Swordsman (1700) with Ancient Elf (1450) 42/43 , 0.976744186047
INFO:root:Attack Doma the Angel of Silence (1600) with Ancient Elf (1450) 42/43 , 0.976744186047
INFO:root:Attacking Neo the Magic Swordsman with Ancient Elf
INFO:root:Ancient Elf is now destroyed
INFO:root:Opponent's life points are now 3100
INFO:root:3 valid moves
INFO:root:Advance Turn
INFO:root:Attack Neo the Magic Swordsman (1700) with Summoned Skull (2500)
INFO:root:Attack Doma the Angel of Silence (1600) with Summoned Skull (2500)
INFO:root:Beginning ISMCTS Simulation
INFO:root:Ending ISMCTS Simulation
INFO:root:Advance Turn 53/56 , 0.946428571429
INFO:root:Attack Neo the Magic Swordsman (1700) with Summoned Skull (2500) 54/58 , 0.931034482759
INFO:root:Attack Doma the Angel of Silence (1600) with Summoned Skull (2500) 57/58 , 0.98275862069
INFO:root:Attacking Doma the Angel of Silence with Summoned Skull
INFO:root:Doma the Angel of Silence is now destroyed
INFO:root:Yugi's life points are now 1600
INFO:root:1 valid moves
INFO:root:Advance Turn
INFO:root:It is now Yugi's Turn
INFO:root:Yugi drew Magical Ghost
INFO:root:Summoning Baron of the Fiend Sword
INFO:root:3 valid moves
INFO:root:Advance Turn
INFO:root:Attack Summoned Skull (2500) with Neo the Magic Swordsman (1700)
INFO:root:Attack Summoned Skull (2500) with Baron of the Fiend Sword (1550)
INFO:root:Beginning ISMCTS Simulation
INFO:root:Ending ISMCTS Simulation
INFO:root:Advance Turn 0/71 , 0.0
INFO:root:Attack Summoned Skull (2500) with Neo the Magic Swordsman (1700) 3/70 , 0.0428571428571
INFO:root:Attack Summoned Skull (2500) with Baron of the Fiend Sword (1550) 0/71 , 0.0
INFO:root:Attacking Summoned Skull with Neo the Magic Swordsman
INFO:root:Neo the Magic Swordsman is now destroyed
INFO:root:Yugi's life points are now 800
INFO:root:2 valid moves
INFO:root:Advance Turn
INFO:root:Attack Summoned Skull (2500) with Baron of the Fiend Sword (1550)
INFO:root:Beginning ISMCTS Simulation
INFO:root:Ending ISMCTS Simulation
INFO:root:Advance Turn 0/67 , 0.0
INFO:root:Attack Summoned Skull (2500) with Baron of the Fiend Sword (1550) 0/65 , 0.0
INFO:root:It is now Opponent's Turn
INFO:root:Opponent drew Beaver Warrior
INFO:root:Summoning Curse of Dragon
INFO:root:3 valid moves
INFO:root:Advance Turn
INFO:root:Attack Baron of the Fiend Sword (1550) with Summoned Skull (2500)
INFO:root:Attack Baron of the Fiend Sword (1550) with Curse of Dragon (2000)
INFO:root:Beginning ISMCTS Simulation
INFO:root:Ending ISMCTS Simulation
INFO:root:Advance Turn 78/82 , 0.951219512195
INFO:root:Attack Baron of the Fiend Sword (1550) with Summoned Skull (2500) 78/79 , 0.987341772152
INFO:root:Attack Baron of the Fiend Sword (1550) with Curse of Dragon (2000) 78/79 , 0.987341772152
INFO:root:Attacking Baron of the Fiend Sword with Summoned Skull
INFO:root:Baron of the Fiend Sword is now destroyed
INFO:root:GAME OVER!
INFO:root:Yugi's life points are now 0
